<?xml version="1.0" encoding="UTF-8"?>
<!-- Generated by org.testng.reporters.JUnitReportReporter -->
<testsuite name="com.Login.test1" tests="1" time="0.011" ignored="1" failures="0" timestamp="08 Apr 2018 14:59:36 GMT" skipped="0" hostname="ASI-1" errors="0">
  <testcase name="Account" time="0.011" classname="com.Login.test1"/>
  <testcase name="Login" classname="com.Login.test1">
    <skipped/>
  </testcase> <!-- Login -->
</testsuite> <!-- com.Login.test1 -->
