<?xml version="1.0" encoding="UTF-8"?>
<!-- Generated by org.testng.reporters.JUnitReportReporter -->
<testsuite name="com.Login.test2" tests="1" time="0.001" ignored="1" failures="0" timestamp="08 Apr 2018 14:59:36 GMT" skipped="0" hostname="ASI-1" errors="0">
  <testcase name="Logout" time="0.001" classname="com.Login.test2"/>
  <testcase name="Login" classname="com.Login.test1">
    <skipped/>
  </testcase> <!-- Login -->
</testsuite> <!-- com.Login.test2 -->
